<?xml version="1.0" encoding="UTF-8"?>
<!-- Generated by org.testng.reporters.JUnitXMLReporter -->
<testsuite ignored="0" hostname="LTIN279204" failures="0" tests="6" name="Test-chrome" time="111.745" errors="0" timestamp="2024-02-28T16:46:50 IST">
  <testcase classname="TestCases.navigate_to_upcoming_Bikes" name="navigate" time="11.498"/>
  <testcase classname="TestCases.navigate_to_upcoming_Bikes" name="Slect_Honda_Manuf" time="3.173"/>
  <testcase classname="TestCases.navigate_to_upcoming_Bikes" name="bike_under_4lakh" time="11.118"/>
  <testcase classname="TestCases.find_used_Cars" name="navigate_used_cars" time="17.189"/>
  <testcase classname="TestCases.find_used_Cars" name="popular_model" time="3.898"/>
  <testcase classname="TestCases.loginerror" name="user_reg" time="15.89"/>
</testsuite> <!-- Test-chrome -->
