<?xml version="1.0" encoding="UTF-8"?>
<!-- Generated by org.testng.reporters.JUnitXMLReporter -->
<testsuite ignored="0" hostname="LTIN279204" failures="0" tests="6" name="Test-chrome" time="91.819" errors="0" timestamp="2024-02-28T17:12:57 IST">
  <testcase classname="TestCases.navigate_to_upcoming_Bikes" name="navigate" time="7.878"/>
  <testcase classname="TestCases.navigate_to_upcoming_Bikes" name="Slect_Honda_Manuf" time="1.995"/>
  <testcase classname="TestCases.navigate_to_upcoming_Bikes" name="bike_under_4lakh" time="6.182"/>
  <testcase classname="TestCases.find_used_Cars" name="navigate_used_cars" time="10.135"/>
  <testcase classname="TestCases.find_used_Cars" name="popular_model" time="2.556"/>
  <testcase classname="TestCases.loginerror" name="user_reg" time="12.843"/>
</testsuite> <!-- Test-chrome -->
