<?xml version="1.0" encoding="UTF-8"?>
<!-- Generated by org.testng.reporters.JUnitReportReporter -->
<testsuite hostname="LTIN279204" failures="0" tests="3" name="TestCases.navigate_to_upcoming_Bikes" time="25.789" errors="0" timestamp="2024-02-28T16:46:51 IST" skipped="0">
  <testcase classname="TestCases.navigate_to_upcoming_Bikes" name="navigate" time="11.498"/>
  <testcase classname="TestCases.navigate_to_upcoming_Bikes" name="Slect_Honda_Manuf" time="3.173"/>
  <testcase classname="TestCases.navigate_to_upcoming_Bikes" name="bike_under_4lakh" time="11.118"/>
</testsuite> <!-- TestCases.navigate_to_upcoming_Bikes -->
