<?xml version="1.0" encoding="UTF-8"?>
<!-- Generated by org.testng.reporters.JUnitReportReporter -->
<testsuite hostname="LTIN279204" failures="0" tests="2" name="TestCases.find_used_Cars" time="21.087" errors="0" timestamp="2024-02-28T16:46:51 IST" skipped="0">
  <testcase classname="TestCases.find_used_Cars" name="navigate_used_cars" time="17.189"/>
  <testcase classname="TestCases.find_used_Cars" name="popular_model" time="3.898"/>
</testsuite> <!-- TestCases.find_used_Cars -->
