<?xml version="1.0" encoding="UTF-8"?>
<!-- Generated by org.testng.reporters.JUnitReportReporter -->
<testsuite hostname="LTIN279204" failures="0" tests="1" name="TestCases.loginerror" time="15.890" errors="0" timestamp="2024-02-28T16:46:51 IST" skipped="0">
  <testcase classname="TestCases.loginerror" name="user_reg" time="15.890"/>
</testsuite> <!-- TestCases.loginerror -->
