<?xml version="1.0" encoding="UTF-8"?>
<!-- Generated by org.testng.reporters.JUnitReportReporter -->
<testsuite hostname="LTIN279204" failures="0" tests="3" name="TestCases.navigate_to_upcoming_Bikes" time="16.055" errors="0" timestamp="2024-02-28T17:12:57 IST" skipped="0">
  <testcase classname="TestCases.navigate_to_upcoming_Bikes" name="navigate" time="7.878"/>
  <system-out/>
  <testcase classname="TestCases.navigate_to_upcoming_Bikes" name="Slect_Honda_Manuf" time="1.995"/>
  <system-out/>
  <testcase classname="TestCases.navigate_to_upcoming_Bikes" name="bike_under_4lakh" time="6.182"/>
  <system-out/>
</testsuite> <!-- TestCases.navigate_to_upcoming_Bikes -->
