<?xml version="1.0" encoding="UTF-8"?>
<!-- Generated by org.testng.reporters.JUnitReportReporter -->
<testsuite hostname="LTIN279204" failures="0" tests="1" name="TestCases.loginerror" time="12.843" errors="0" timestamp="2024-02-28T17:12:57 IST" skipped="0">
  <testcase classname="TestCases.loginerror" name="user_reg" time="12.843"/>
  <system-out/>
</testsuite> <!-- TestCases.loginerror -->
