<?xml version="1.0" encoding="UTF-8"?>
<!-- Generated by org.testng.reporters.JUnitReportReporter -->
<testsuite hostname="LTIN279204" failures="0" tests="2" name="TestCases.find_used_Cars" time="12.691" errors="0" timestamp="2024-02-28T17:12:57 IST" skipped="0">
  <testcase classname="TestCases.find_used_Cars" name="navigate_used_cars" time="10.135"/>
  <system-out/>
  <testcase classname="TestCases.find_used_Cars" name="popular_model" time="2.556"/>
  <system-out/>
</testsuite> <!-- TestCases.find_used_Cars -->
